c:\git\raymarcher\opengl-learning\x64\debug\vc143.pdb
c:\git\raymarcher\opengl-learning\x64\debug\vc143.idb
c:\git\raymarcher\opengl-learning\x64\debug\vertexbufferlayout.obj
c:\git\raymarcher\opengl-learning\x64\debug\vertexarray.obj
c:\git\raymarcher\opengl-learning\x64\debug\vertexbuffer.obj
c:\git\raymarcher\opengl-learning\x64\debug\stb_image.obj
c:\git\raymarcher\opengl-learning\x64\debug\imgui_widgets.obj
c:\git\raymarcher\opengl-learning\x64\debug\imgui_tables.obj
c:\git\raymarcher\opengl-learning\x64\debug\imgui_draw.obj
c:\git\raymarcher\opengl-learning\x64\debug\imgui_demo.obj
c:\git\raymarcher\opengl-learning\x64\debug\imgui.obj
c:\git\raymarcher\opengl-learning\x64\debug\glm.obj
c:\git\raymarcher\opengl-learning\x64\debug\indexbuffer.obj
c:\git\raymarcher\opengl-learning\x64\debug\shader.obj
c:\git\raymarcher\opengl-learning\x64\debug\renderer.obj
c:\git\raymarcher\opengl-learning\x64\debug\imgui_impl_opengl3.obj
c:\git\raymarcher\opengl-learning\x64\debug\imgui_impl_glfw.obj
c:\git\raymarcher\opengl-learning\x64\debug\marchrenderer.obj
c:\git\raymarcher\opengl-learning\x64\debug\main.obj
c:\git\raymarcher\opengl-learning\x64\debug\mesh.obj
c:\git\raymarcher\opengl-learning\x64\debug\model3d.obj
c:\git\raymarcher\opengl-learning\x64\debug\config.obj
c:\git\raymarcher\opengl-learning\x64\debug\texture.obj
c:\git\raymarcher\x64\debug\raymarcher.pdb
c:\git\raymarcher\opengl-learning\x64\debug\raymarcher.tlog\cl.command.1.tlog
c:\git\raymarcher\opengl-learning\x64\debug\raymarcher.tlog\cl.read.1.tlog
c:\git\raymarcher\opengl-learning\x64\debug\raymarcher.tlog\cl.write.1.tlog
c:\git\raymarcher\opengl-learning\x64\debug\raymarcher.tlog\link-cvtres.read.1.tlog
c:\git\raymarcher\opengl-learning\x64\debug\raymarcher.tlog\link-cvtres.write.1.tlog
c:\git\raymarcher\opengl-learning\x64\debug\raymarcher.tlog\link-rc.read.1.tlog
c:\git\raymarcher\opengl-learning\x64\debug\raymarcher.tlog\link-rc.write.1.tlog
c:\git\raymarcher\opengl-learning\x64\debug\raymarcher.tlog\link.12564-cvtres.read.1.tlog
c:\git\raymarcher\opengl-learning\x64\debug\raymarcher.tlog\link.12564-cvtres.write.1.tlog
c:\git\raymarcher\opengl-learning\x64\debug\raymarcher.tlog\link.12564-rc.read.1.tlog
c:\git\raymarcher\opengl-learning\x64\debug\raymarcher.tlog\link.12564-rc.write.1.tlog
c:\git\raymarcher\opengl-learning\x64\debug\raymarcher.tlog\link.12564.read.1.tlog
c:\git\raymarcher\opengl-learning\x64\debug\raymarcher.tlog\link.12564.read.2.tlog
c:\git\raymarcher\opengl-learning\x64\debug\raymarcher.tlog\link.12564.write.1.tlog
c:\git\raymarcher\opengl-learning\x64\debug\raymarcher.tlog\link.command.1.tlog
c:\git\raymarcher\opengl-learning\x64\debug\raymarcher.tlog\link.read.1.tlog
c:\git\raymarcher\opengl-learning\x64\debug\raymarcher.tlog\link.read.2.tlog
c:\git\raymarcher\opengl-learning\x64\debug\raymarcher.tlog\link.write.1.tlog
